<?xml version="1.0" encoding="UTF-8"?>
<!-- Generated by org.testng.reporters.JUnitXMLReporter -->
<testsuite hostname="Swati" ignored="0" name="Test" tests="2" failures="2" timestamp="31 Mar 2020 14:13:05 GMT" time="0.31" errors="0">
  <testcase name="loginTest" time="0.118" classname="com.testcases.LoginTest">
    <failure type="java.lang.NullPointerException">
      <![CDATA[java.lang.NullPointerException
at org.openqa.selenium.support.pagefactory.DefaultElementLocator.findElement(DefaultElementLocator.java:69)
at org.openqa.selenium.support.pagefactory.internal.LocatingElementHandler.invoke(LocatingElementHandler.java:38)
at com.sun.proxy.$Proxy7.sendKeys(Unknown Source)
at com.pages.LoginPage.login(LoginPage.java:26)
at com.testcases.LoginTest.loginTest(LoginTest.java:16)
... Removed 25 stack frames]]>
    </failure>
  </testcase> <!-- loginTest -->
  <testcase name="searchTest" time="0.008" classname="com.testcases.SearchTest">
    <failure type="java.lang.NullPointerException">
      <![CDATA[java.lang.NullPointerException
at org.openqa.selenium.support.pagefactory.DefaultElementLocator.findElement(DefaultElementLocator.java:69)
at org.openqa.selenium.support.pagefactory.internal.LocatingElementHandler.invoke(LocatingElementHandler.java:38)
at com.sun.proxy.$Proxy7.sendKeys(Unknown Source)
at com.pages.SearchPage.search(SearchPage.java:40)
at com.testcases.SearchTest.searchTest(SearchTest.java:12)
... Removed 25 stack frames]]>
    </failure>
  </testcase> <!-- searchTest -->
</testsuite> <!-- Test -->
